#
# There is insufficient memory for the Java Runtime Environment to continue.
# Native memory allocation (malloc) failed to allocate 1306416 bytes for Chunk::new
# Possible reasons:
#   The system is out of physical RAM or swap space
#   The process is running with CompressedOops enabled, and the Java Heap may be blocking the growth of the native heap
# Possible solutions:
#   Reduce memory load on the system
#   Increase physical memory or swap space
#   Check if swap backing store is full
#   Decrease Java heap size (-Xmx/-Xms)
#   Decrease number of Java threads
#   Decrease Java thread stack sizes (-Xss)
#   Set larger code cache with -XX:ReservedCodeCacheSize=
#   JVM is running with Unscaled Compressed Oops mode in which the Java heap is
#     placed in the first 4GB address space. The Java Heap base address is the
#     maximum limit for the native heap growth. Please use -XX:HeapBaseMinAddress
#     to set the Java Heap base and to place the Java Heap above 4GB virtual address.
# This output file may be truncated or incomplete.
#
#  Out of Memory Error (./src/hotspot/share/memory/arena.cpp:197), pid=7252, tid=10512
#
# JRE version: OpenJDK Runtime Environment (11.0.12+7) (build 11.0.12+7-b1504.28-7817840)
# Java VM: OpenJDK 64-Bit Server VM (11.0.12+7-b1504.28-7817840, mixed mode, tiered, compressed oops, g1 gc, windows-amd64)
# No core dump will be written. Minidumps are not enabled by default on client versions of Windows
#

---------------  S U M M A R Y ------------

Command Line: --add-opens=java.base/java.util=ALL-UNNAMED --add-opens=java.base/java.lang=ALL-UNNAMED --add-opens=java.base/java.lang.invoke=ALL-UNNAMED --add-opens=java.base/java.util=ALL-UNNAMED --add-opens=java.prefs/java.util.prefs=ALL-UNNAMED --add-opens=java.prefs/java.util.prefs=ALL-UNNAMED --add-opens=java.base/java.nio.charset=ALL-UNNAMED --add-opens=java.base/java.net=ALL-UNNAMED --add-opens=java.base/java.util.concurrent.atomic=ALL-UNNAMED -Xmx2048m -Dfile.encoding=UTF-8 -Duser.country=RU -Duser.language=ru -Duser.variant org.gradle.launcher.daemon.bootstrap.GradleDaemon 7.3.3

Host: Intel(R) Core(TM) i5-1035G1 CPU @ 1.00GHz, 8 cores, 7G,  Windows 10 , 64 bit Build 22000 (10.0.22000.708)
Time: Mon Jul 11 17:10:29 2022 RTZ 2 (зима) elapsed time: 3.182559 seconds (0d 0h 0m 3s)

---------------  T H R E A D  ---------------

Current thread (0x00000265c709a800):  JavaThread "C2 CompilerThread0" daemon [_thread_in_native, id=10512, stack(0x000000fcd1000000,0x000000fcd1100000)]


Current CompileTask:
C2:   3182 1913   !   4       java.lang.ClassLoader::loadClass (122 bytes)

Stack: [0x000000fcd1000000,0x000000fcd1100000]
Native frames: (J=compiled Java code, j=interpreted, Vv=VM code, C=native code)
V  [jvm.dll+0x5fbcea]
V  [jvm.dll+0x731905]
V  [jvm.dll+0x732f1d]
V  [jvm.dll+0x7335d3]
V  [jvm.dll+0x247bf8]
V  [jvm.dll+0xc018c]
V  [jvm.dll+0xc06cc]
V  [jvm.dll+0x35b31d]
V  [jvm.dll+0x328803]
V  [jvm.dll+0x327cfa]
V  [jvm.dll+0x200602]
V  [jvm.dll+0x1ff794]
V  [jvm.dll+0x18868c]
V  [jvm.dll+0x20e0d7]
V  [jvm.dll+0x20c901]
V  [jvm.dll+0x6f9b7f]
V  [jvm.dll+0x6f26a5]
V  [jvm.dll+0x5fabf6]
C  [ucrtbase.dll+0x26c0c]
C  [KERNEL32.DLL+0x154e0]
C  [ntdll.dll+0x485b]


---------------  P R O C E S S  ---------------

Threads class SMR info:
_java_thread_list=0x00000265c9bf5fb0, length=23, elements={
0x00000265aac1d800, 0x00000265c7084800, 0x00000265c708e000, 0x00000265c7a1b000,
0x00000265c7a1e000, 0x00000265c7a1f000, 0x00000265c709a800, 0x00000265c709b800,
0x00000265c70a3000, 0x00000265c7b70000, 0x00000265c9326800, 0x00000265c9473800,
0x00000265c8dd9800, 0x00000265c91d8000, 0x00000265c8604800, 0x00000265c8ef8800,
0x00000265c93b9800, 0x00000265c93ba800, 0x00000265c9a8e000, 0x00000265c9bba800,
0x00000265c9bbc000, 0x00000265c9bb8000, 0x00000265c9bb9000
}

Java Threads: ( => current thread )
  0x00000265aac1d800 JavaThread "main" [_thread_blocked, id=1656, stack(0x000000fcd0400000,0x000000fcd0500000)]
  0x00000265c7084800 JavaThread "Reference Handler" daemon [_thread_blocked, id=10328, stack(0x000000fcd0b00000,0x000000fcd0c00000)]
  0x00000265c708e000 JavaThread "Finalizer" daemon [_thread_blocked, id=7464, stack(0x000000fcd0c00000,0x000000fcd0d00000)]
  0x00000265c7a1b000 JavaThread "Signal Dispatcher" daemon [_thread_blocked, id=21260, stack(0x000000fcd0d00000,0x000000fcd0e00000)]
  0x00000265c7a1e000 JavaThread "Attach Listener" daemon [_thread_blocked, id=19860, stack(0x000000fcd0e00000,0x000000fcd0f00000)]
  0x00000265c7a1f000 JavaThread "Service Thread" daemon [_thread_blocked, id=21312, stack(0x000000fcd0f00000,0x000000fcd1000000)]
=>0x00000265c709a800 JavaThread "C2 CompilerThread0" daemon [_thread_in_native, id=10512, stack(0x000000fcd1000000,0x000000fcd1100000)]
  0x00000265c709b800 JavaThread "C1 CompilerThread0" daemon [_thread_in_native, id=2764, stack(0x000000fcd1100000,0x000000fcd1200000)]
  0x00000265c70a3000 JavaThread "Sweeper thread" daemon [_thread_blocked, id=21340, stack(0x000000fcd1200000,0x000000fcd1300000)]
  0x00000265c7b70000 JavaThread "Common-Cleaner" daemon [_thread_blocked, id=7800, stack(0x000000fcd1300000,0x000000fcd1400000)]
  0x00000265c9326800 JavaThread "Daemon health stats" [_thread_blocked, id=17664, stack(0x000000fcd1600000,0x000000fcd1700000)]
  0x00000265c9473800 JavaThread "Incoming local TCP Connector on port 50144" [_thread_in_native, id=2200, stack(0x000000fcd1700000,0x000000fcd1800000)]
  0x00000265c8dd9800 JavaThread "Daemon periodic checks" [_thread_blocked, id=11076, stack(0x000000fcd1800000,0x000000fcd1900000)]
  0x00000265c91d8000 JavaThread "Daemon" [_thread_blocked, id=7480, stack(0x000000fcd1900000,0x000000fcd1a00000)]
  0x00000265c8604800 JavaThread "Handler for socket connection from /127.0.0.1:50144 to /127.0.0.1:50146" [_thread_in_native, id=4808, stack(0x000000fcd1a00000,0x000000fcd1b00000)]
  0x00000265c8ef8800 JavaThread "Cancel handler" [_thread_blocked, id=13812, stack(0x000000fcd1b00000,0x000000fcd1c00000)]
  0x00000265c93b9800 JavaThread "Daemon worker" [_thread_in_vm, id=1336, stack(0x000000fcd1c00000,0x000000fcd1d00000)]
  0x00000265c93ba800 JavaThread "Asynchronous log dispatcher for DefaultDaemonConnection: socket connection from /127.0.0.1:50144 to /127.0.0.1:50146" [_thread_blocked, id=5568, stack(0x000000fcd1d00000,0x000000fcd1e00000)]
  0x00000265c9a8e000 JavaThread "Stdin handler" [_thread_blocked, id=18808, stack(0x000000fcd1e00000,0x000000fcd1f00000)]
  0x00000265c9bba800 JavaThread "Daemon client event forwarder" [_thread_blocked, id=21264, stack(0x000000fcd1f00000,0x000000fcd2000000)]
  0x00000265c9bbc000 JavaThread "Cache worker for journal cache (C:\Users\79083\.gradle\caches\journal-1)" [_thread_blocked, id=21388, stack(0x000000fcd2600000,0x000000fcd2700000)]
  0x00000265c9bb8000 JavaThread "File lock request listener" [_thread_in_native, id=13828, stack(0x000000fcd2700000,0x000000fcd2800000)]
  0x00000265c9bb9000 JavaThread "Cache worker for file hash cache (C:\Users\79083\.gradle\caches\7.3.3\fileHashes)" [_thread_blocked, id=9352, stack(0x000000fcd2800000,0x000000fcd2900000)]

Other Threads:
  0x00000265c7080000 VMThread "VM Thread" [stack: 0x000000fcd0a00000,0x000000fcd0b00000] [id=10704]
  0x00000265c7b7c000 WatcherThread [stack: 0x000000fcd1400000,0x000000fcd1500000] [id=15332]
  0x00000265aac34000 GCTaskThread "GC Thread#0" [stack: 0x000000fcd0500000,0x000000fcd0600000] [id=14544]
  0x00000265c85ab000 GCTaskThread "GC Thread#1" [stack: 0x000000fcd1500000,0x000000fcd1600000] [id=18492]
  0x00000265c9a10800 GCTaskThread "GC Thread#2" [stack: 0x000000fcd2000000,0x000000fcd2100000] [id=15064]
  0x00000265c9a11000 GCTaskThread "GC Thread#3" [stack: 0x000000fcd2100000,0x000000fcd2200000] [id=14752]
  0x00000265c8b0d000 GCTaskThread "GC Thread#4" [stack: 0x000000fcd2200000,0x000000fcd2300000] [id=12180]
  0x00000265c8b0e000 GCTaskThread "GC Thread#5" [stack: 0x000000fcd2300000,0x000000fcd2400000] [id=12444]
  0x00000265c9150000 GCTaskThread "GC Thread#6" [stack: 0x000000fcd2400000,0x000000fcd2500000] [id=12648]
  0x00000265c9150800 GCTaskThread "GC Thread#7" [stack: 0x000000fcd2500000,0x000000fcd2600000] [id=1404]
  0x00000265aac69000 ConcurrentGCThread "G1 Main Marker" [stack: 0x000000fcd0600000,0x000000fcd0700000] [id=4280]
  0x00000265aac6a000 ConcurrentGCThread "G1 Conc#0" [stack: 0x000000fcd0700000,0x000000fcd0800000] [id=14672]
  0x00000265c855b000 ConcurrentGCThread "G1 Conc#1" [stack: 0x000000fcd2900000,0x000000fcd2a00000] [id=3504]
  0x00000265c6ed0800 ConcurrentGCThread "G1 Refine#0" [stack: 0x000000fcd0800000,0x000000fcd0900000] [id=9320]
  0x00000265c6ed1800 ConcurrentGCThread "G1 Young RemSet Sampling" [stack: 0x000000fcd0900000,0x000000fcd0a00000] [id=20992]

Threads with active compile tasks:
C2 CompilerThread0   3248 1913   !   4       java.lang.ClassLoader::loadClass (122 bytes)

VM state:not at safepoint (normal execution)

VM Mutex/Monitor currently owned by a thread: None

Heap address: 0x0000000080000000, size: 2048 MB, Compressed Oops mode: 32-bit
Narrow klass base: 0x0000000000000000, Narrow klass shift: 3
Compressed class space size: 1073741824 Address: 0x0000000100000000

Heap:
 garbage-first heap   total 126976K, used 24510K [0x0000000080000000, 0x0000000100000000)
  region size 1024K, 10 young (10240K), 2 survivors (2048K)
 Metaspace       used 21669K, capacity 22171K, committed 22400K, reserved 1069056K
  class space    used 2712K, capacity 2869K, committed 2944K, reserved 1048576K
Heap Regions: E=young(eden), S=young(survivor), O=old, HS=humongous(starts), HC=humongous(continues), CS=collection set, F=free, A=archive, TAMS=top-at-mark-start (previous, next)
|   0|0x0000000080000000, 0x0000000080100000, 0x0000000080100000|100%| O|  |TAMS 0x0000000080100000, 0x0000000080000000| Untracked 
|   1|0x0000000080100000, 0x0000000080200000, 0x0000000080200000|100%| O|  |TAMS 0x0000000080200000, 0x0000000080100000| Untracked 
|   2|0x0000000080200000, 0x0000000080300000, 0x0000000080300000|100%| O|  |TAMS 0x0000000080300000, 0x0000000080200000| Untracked 
|   3|0x0000000080300000, 0x0000000080400000, 0x0000000080400000|100%|HS|  |TAMS 0x0000000080400000, 0x0000000080300000| Complete 
|   4|0x0000000080400000, 0x0000000080500000, 0x0000000080500000|100%|HC|  |TAMS 0x0000000080500000, 0x0000000080400000| Complete 
|   5|0x0000000080500000, 0x0000000080600000, 0x0000000080600000|100%|HC|  |TAMS 0x0000000080600000, 0x0000000080500000| Complete 
|   6|0x0000000080600000, 0x0000000080700000, 0x0000000080700000|100%| O|  |TAMS 0x0000000080700000, 0x0000000080600000| Untracked 
|   7|0x0000000080700000, 0x0000000080800000, 0x0000000080800000|100%| O|  |TAMS 0x0000000080800000, 0x0000000080700000| Untracked 
|   8|0x0000000080800000, 0x0000000080900000, 0x0000000080900000|100%| O|  |TAMS 0x0000000080900000, 0x0000000080800000| Untracked 
|   9|0x0000000080900000, 0x0000000080a00000, 0x0000000080a00000|100%| O|  |TAMS 0x0000000080a00000, 0x0000000080900000| Untracked 
|  10|0x0000000080a00000, 0x0000000080b00000, 0x0000000080b00000|100%| O|  |TAMS 0x0000000080b00000, 0x0000000080a00000| Untracked 
|  11|0x0000000080b00000, 0x0000000080c00000, 0x0000000080c00000|100%| O|  |TAMS 0x0000000080c00000, 0x0000000080b00000| Untracked 
|  12|0x0000000080c00000, 0x0000000080d00000, 0x0000000080d00000|100%| O|  |TAMS 0x0000000080d00000, 0x0000000080c00000| Untracked 
|  13|0x0000000080d00000, 0x0000000080e00000, 0x0000000080e00000|100%| O|  |TAMS 0x0000000080e00000, 0x0000000080d00000| Untracked 
|  14|0x0000000080e00000, 0x0000000080f00000, 0x0000000080f00000|100%| O|  |TAMS 0x0000000080f00000, 0x0000000080e00000| Untracked 
|  15|0x0000000080f00000, 0x0000000080faec00, 0x0000000081000000| 68%| O|  |TAMS 0x0000000080faec00, 0x0000000080f00000| Untracked 
|  16|0x0000000081000000, 0x0000000081000000, 0x0000000081100000|  0%| F|  |TAMS 0x0000000081000000, 0x0000000081000000| Untracked 
|  17|0x0000000081100000, 0x0000000081100000, 0x0000000081200000|  0%| F|  |TAMS 0x0000000081100000, 0x0000000081100000| Untracked 
|  18|0x0000000081200000, 0x0000000081200000, 0x0000000081300000|  0%| F|  |TAMS 0x0000000081200000, 0x0000000081200000| Untracked 
|  19|0x0000000081300000, 0x0000000081300000, 0x0000000081400000|  0%| F|  |TAMS 0x0000000081300000, 0x0000000081300000| Untracked 
|  20|0x0000000081400000, 0x0000000081400000, 0x0000000081500000|  0%| F|  |TAMS 0x0000000081400000, 0x0000000081400000| Untracked 
|  21|0x0000000081500000, 0x0000000081500000, 0x0000000081600000|  0%| F|  |TAMS 0x0000000081500000, 0x0000000081500000| Untracked 
|  22|0x0000000081600000, 0x0000000081600000, 0x0000000081700000|  0%| F|  |TAMS 0x0000000081600000, 0x0000000081600000| Untracked 
|  23|0x0000000081700000, 0x0000000081700000, 0x0000000081800000|  0%| F|  |TAMS 0x0000000081700000, 0x0000000081700000| Untracked 
|  24|0x0000000081800000, 0x0000000081800000, 0x0000000081900000|  0%| F|  |TAMS 0x0000000081800000, 0x0000000081800000| Untracked 
|  25|0x0000000081900000, 0x0000000081900000, 0x0000000081a00000|  0%| F|  |TAMS 0x0000000081900000, 0x0000000081900000| Untracked 
|  26|0x0000000081a00000, 0x0000000081a00000, 0x0000000081b00000|  0%| F|  |TAMS 0x0000000081a00000, 0x0000000081a00000| Untracked 
|  27|0x0000000081b00000, 0x0000000081b00000, 0x0000000081c00000|  0%| F|  |TAMS 0x0000000081b00000, 0x0000000081b00000| Untracked 
|  28|0x0000000081c00000, 0x0000000081c00000, 0x0000000081d00000|  0%| F|  |TAMS 0x0000000081c00000, 0x0000000081c00000| Untracked 
|  29|0x0000000081d00000, 0x0000000081d00000, 0x0000000081e00000|  0%| F|  |TAMS 0x0000000081d00000, 0x0000000081d00000| Untracked 
|  30|0x0000000081e00000, 0x0000000081e00000, 0x0000000081f00000|  0%| F|  |TAMS 0x0000000081e00000, 0x0000000081e00000| Untracked 
|  31|0x0000000081f00000, 0x0000000081f00000, 0x0000000082000000|  0%| F|  |TAMS 0x0000000081f00000, 0x0000000081f00000| Untracked 
|  32|0x0000000082000000, 0x0000000082000000, 0x0000000082100000|  0%| F|  |TAMS 0x0000000082000000, 0x0000000082000000| Untracked 
|  33|0x0000000082100000, 0x0000000082100000, 0x0000000082200000|  0%| F|  |TAMS 0x0000000082100000, 0x0000000082100000| Untracked 
|  34|0x0000000082200000, 0x0000000082200000, 0x0000000082300000|  0%| F|  |TAMS 0x0000000082200000, 0x0000000082200000| Untracked 
|  35|0x0000000082300000, 0x0000000082300000, 0x0000000082400000|  0%| F|  |TAMS 0x0000000082300000, 0x0000000082300000| Untracked 
|  36|0x0000000082400000, 0x0000000082400000, 0x0000000082500000|  0%| F|  |TAMS 0x0000000082400000, 0x0000000082400000| Untracked 
|  37|0x0000000082500000, 0x0000000082500000, 0x0000000082600000|  0%| F|  |TAMS 0x0000000082500000, 0x0000000082500000| Untracked 
|  38|0x0000000082600000, 0x0000000082600000, 0x0000000082700000|  0%| F|  |TAMS 0x0000000082600000, 0x0000000082600000| Untracked 
|  39|0x0000000082700000, 0x0000000082700000, 0x0000000082800000|  0%| F|  |TAMS 0x0000000082700000, 0x0000000082700000| Untracked 
|  40|0x0000000082800000, 0x0000000082800000, 0x0000000082900000|  0%| F|  |TAMS 0x0000000082800000, 0x0000000082800000| Untracked 
|  41|0x0000000082900000, 0x0000000082900000, 0x0000000082a00000|  0%| F|  |TAMS 0x0000000082900000, 0x0000000082900000| Untracked 
|  42|0x0000000082a00000, 0x0000000082a00000, 0x0000000082b00000|  0%| F|  |TAMS 0x0000000082a00000, 0x0000000082a00000| Untracked 
|  43|0x0000000082b00000, 0x0000000082b00000, 0x0000000082c00000|  0%| F|  |TAMS 0x0000000082b00000, 0x0000000082b00000| Untracked 
|  44|0x0000000082c00000, 0x0000000082c00000, 0x0000000082d00000|  0%| F|  |TAMS 0x0000000082c00000, 0x0000000082c00000| Untracked 
|  45|0x0000000082d00000, 0x0000000082d00000, 0x0000000082e00000|  0%| F|  |TAMS 0x0000000082d00000, 0x0000000082d00000| Untracked 
|  46|0x0000000082e00000, 0x0000000082e00000, 0x0000000082f00000|  0%| F|  |TAMS 0x0000000082e00000, 0x0000000082e00000| Untracked 
|  47|0x0000000082f00000, 0x0000000082f00000, 0x0000000083000000|  0%| F|  |TAMS 0x0000000082f00000, 0x0000000082f00000| Untracked 
|  48|0x0000000083000000, 0x0000000083000000, 0x0000000083100000|  0%| F|  |TAMS 0x0000000083000000, 0x0000000083000000| Untracked 
|  49|0x0000000083100000, 0x0000000083100000, 0x0000000083200000|  0%| F|  |TAMS 0x0000000083100000, 0x0000000083100000| Untracked 
|  50|0x0000000083200000, 0x0000000083200000, 0x0000000083300000|  0%| F|  |TAMS 0x0000000083200000, 0x0000000083200000| Untracked 
|  51|0x0000000083300000, 0x0000000083300000, 0x0000000083400000|  0%| F|  |TAMS 0x0000000083300000, 0x0000000083300000| Untracked 
|  52|0x0000000083400000, 0x0000000083400000, 0x0000000083500000|  0%| F|  |TAMS 0x0000000083400000, 0x0000000083400000| Untracked 
|  53|0x0000000083500000, 0x0000000083500000, 0x0000000083600000|  0%| F|  |TAMS 0x0000000083500000, 0x0000000083500000| Untracked 
|  54|0x0000000083600000, 0x0000000083600000, 0x0000000083700000|  0%| F|  |TAMS 0x0000000083600000, 0x0000000083600000| Untracked 
|  55|0x0000000083700000, 0x0000000083700000, 0x0000000083800000|  0%| F|  |TAMS 0x0000000083700000, 0x0000000083700000| Untracked 
|  56|0x0000000083800000, 0x0000000083800000, 0x0000000083900000|  0%| F|  |TAMS 0x0000000083800000, 0x0000000083800000| Untracked 
|  57|0x0000000083900000, 0x0000000083900000, 0x0000000083a00000|  0%| F|  |TAMS 0x0000000083900000, 0x0000000083900000| Untracked 
|  58|0x0000000083a00000, 0x0000000083a00000, 0x0000000083b00000|  0%| F|  |TAMS 0x0000000083a00000, 0x0000000083a00000| Untracked 
|  59|0x0000000083b00000, 0x0000000083b00000, 0x0000000083c00000|  0%| F|  |TAMS 0x0000000083b00000, 0x0000000083b00000| Untracked 
|  60|0x0000000083c00000, 0x0000000083c00000, 0x0000000083d00000|  0%| F|  |TAMS 0x0000000083c00000, 0x0000000083c00000| Untracked 
|  61|0x0000000083d00000, 0x0000000083d00000, 0x0000000083e00000|  0%| F|  |TAMS 0x0000000083d00000, 0x0000000083d00000| Untracked 
|  62|0x0000000083e00000, 0x0000000083e00000, 0x0000000083f00000|  0%| F|  |TAMS 0x0000000083e00000, 0x0000000083e00000| Untracked 
|  63|0x0000000083f00000, 0x0000000083f00000, 0x0000000084000000|  0%| F|  |TAMS 0x0000000083f00000, 0x0000000083f00000| Untracked 
|  64|0x0000000084000000, 0x0000000084000000, 0x0000000084100000|  0%| F|  |TAMS 0x0000000084000000, 0x0000000084000000| Untracked 
|  65|0x0000000084100000, 0x0000000084100000, 0x0000000084200000|  0%| F|  |TAMS 0x0000000084100000, 0x0000000084100000| Untracked 
|  66|0x0000000084200000, 0x0000000084200000, 0x0000000084300000|  0%| F|  |TAMS 0x0000000084200000, 0x0000000084200000| Untracked 
|  67|0x0000000084300000, 0x0000000084300000, 0x0000000084400000|  0%| F|  |TAMS 0x0000000084300000, 0x0000000084300000| Untracked 
|  68|0x0000000084400000, 0x0000000084400000, 0x0000000084500000|  0%| F|  |TAMS 0x0000000084400000, 0x0000000084400000| Untracked 
|  69|0x0000000084500000, 0x0000000084500000, 0x0000000084600000|  0%| F|  |TAMS 0x0000000084500000, 0x0000000084500000| Untracked 
|  70|0x0000000084600000, 0x0000000084600000, 0x0000000084700000|  0%| F|  |TAMS 0x0000000084600000, 0x0000000084600000| Untracked 
|  71|0x0000000084700000, 0x0000000084700000, 0x0000000084800000|  0%| F|  |TAMS 0x0000000084700000, 0x0000000084700000| Untracked 
|  72|0x0000000084800000, 0x0000000084800000, 0x0000000084900000|  0%| F|  |TAMS 0x0000000084800000, 0x0000000084800000| Untracked 
|  73|0x0000000084900000, 0x0000000084900000, 0x0000000084a00000|  0%| F|  |TAMS 0x0000000084900000, 0x0000000084900000| Untracked 
|  74|0x0000000084a00000, 0x0000000084a00000, 0x0000000084b00000|  0%| F|  |TAMS 0x0000000084a00000, 0x0000000084a00000| Untracked 
|  75|0x0000000084b00000, 0x0000000084b00000, 0x0000000084c00000|  0%| F|  |TAMS 0x0000000084b00000, 0x0000000084b00000| Untracked 
|  76|0x0000000084c00000, 0x0000000084c00000, 0x0000000084d00000|  0%| F|  |TAMS 0x0000000084c00000, 0x0000000084c00000| Untracked 
|  77|0x0000000084d00000, 0x0000000084d00000, 0x0000000084e00000|  0%| F|  |TAMS 0x0000000084d00000, 0x0000000084d00000| Untracked 
|  78|0x0000000084e00000, 0x0000000084e00000, 0x0000000084f00000|  0%| F|  |TAMS 0x0000000084e00000, 0x0000000084e00000| Untracked 
|  79|0x0000000084f00000, 0x0000000084f00000, 0x0000000085000000|  0%| F|  |TAMS 0x0000000084f00000, 0x0000000084f00000| Untracked 
|  80|0x0000000085000000, 0x0000000085000000, 0x0000000085100000|  0%| F|  |TAMS 0x0000000085000000, 0x0000000085000000| Untracked 
|  81|0x0000000085100000, 0x0000000085100000, 0x0000000085200000|  0%| F|  |TAMS 0x0000000085100000, 0x0000000085100000| Untracked 
|  82|0x0000000085200000, 0x0000000085200000, 0x0000000085300000|  0%| F|  |TAMS 0x0000000085200000, 0x0000000085200000| Untracked 
|  83|0x0000000085300000, 0x0000000085300000, 0x0000000085400000|  0%| F|  |TAMS 0x0000000085300000, 0x0000000085300000| Untracked 
|  84|0x0000000085400000, 0x0000000085400000, 0x0000000085500000|  0%| F|  |TAMS 0x0000000085400000, 0x0000000085400000| Untracked 
|  85|0x0000000085500000, 0x0000000085500000, 0x0000000085600000|  0%| F|  |TAMS 0x0000000085500000, 0x0000000085500000| Untracked 
|  86|0x0000000085600000, 0x0000000085600000, 0x0000000085700000|  0%| F|  |TAMS 0x0000000085600000, 0x0000000085600000| Untracked 
|  87|0x0000000085700000, 0x0000000085700000, 0x0000000085800000|  0%| F|  |TAMS 0x0000000085700000, 0x0000000085700000| Untracked 
|  88|0x0000000085800000, 0x0000000085800000, 0x0000000085900000|  0%| F|  |TAMS 0x0000000085800000, 0x0000000085800000| Untracked 
|  89|0x0000000085900000, 0x0000000085900000, 0x0000000085a00000|  0%| F|  |TAMS 0x0000000085900000, 0x0000000085900000| Untracked 
|  90|0x0000000085a00000, 0x0000000085a00000, 0x0000000085b00000|  0%| F|  |TAMS 0x0000000085a00000, 0x0000000085a00000| Untracked 
|  91|0x0000000085b00000, 0x0000000085b00000, 0x0000000085c00000|  0%| F|  |TAMS 0x0000000085b00000, 0x0000000085b00000| Untracked 
|  92|0x0000000085c00000, 0x0000000085c40f38, 0x0000000085d00000| 25%| S|CS|TAMS 0x0000000085c00000, 0x0000000085c00000| Complete 
|  93|0x0000000085d00000, 0x0000000085e00000, 0x0000000085e00000|100%| S|CS|TAMS 0x0000000085d00000, 0x0000000085d00000| Complete 
|  94|0x0000000085e00000, 0x0000000085e00000, 0x0000000085f00000|  0%| F|  |TAMS 0x0000000085e00000, 0x0000000085e00000| Untracked 
|  95|0x0000000085f00000, 0x0000000085f00000, 0x0000000086000000|  0%| F|  |TAMS 0x0000000085f00000, 0x0000000085f00000| Untracked 
|  96|0x0000000086000000, 0x0000000086000000, 0x0000000086100000|  0%| F|  |TAMS 0x0000000086000000, 0x0000000086000000| Untracked 
|  97|0x0000000086100000, 0x0000000086100000, 0x0000000086200000|  0%| F|  |TAMS 0x0000000086100000, 0x0000000086100000| Untracked 
|  98|0x0000000086200000, 0x0000000086200000, 0x0000000086300000|  0%| F|  |TAMS 0x0000000086200000, 0x0000000086200000| Untracked 
|  99|0x0000000086300000, 0x0000000086300000, 0x0000000086400000|  0%| F|  |TAMS 0x0000000086300000, 0x0000000086300000| Untracked 
| 100|0x0000000086400000, 0x0000000086400000, 0x0000000086500000|  0%| F|  |TAMS 0x0000000086400000, 0x0000000086400000| Untracked 
| 101|0x0000000086500000, 0x0000000086500000, 0x0000000086600000|  0%| F|  |TAMS 0x0000000086500000, 0x0000000086500000| Untracked 
| 102|0x0000000086600000, 0x0000000086600000, 0x0000000086700000|  0%| F|  |TAMS 0x0000000086600000, 0x0000000086600000| Untracked 
| 103|0x0000000086700000, 0x0000000086700000, 0x0000000086800000|  0%| F|  |TAMS 0x0000000086700000, 0x0000000086700000| Untracked 
| 104|0x0000000086800000, 0x0000000086800000, 0x0000000086900000|  0%| F|  |TAMS 0x0000000086800000, 0x0000000086800000| Untracked 
| 105|0x0000000086900000, 0x0000000086900000, 0x0000000086a00000|  0%| F|  |TAMS 0x0000000086900000, 0x0000000086900000| Untracked 
| 106|0x0000000086a00000, 0x0000000086a00000, 0x0000000086b00000|  0%| F|  |TAMS 0x0000000086a00000, 0x0000000086a00000| Untracked 
| 107|0x0000000086b00000, 0x0000000086b00000, 0x0000000086c00000|  0%| F|  |TAMS 0x0000000086b00000, 0x0000000086b00000| Untracked 
| 108|0x0000000086c00000, 0x0000000086c00000, 0x0000000086d00000|  0%| F|  |TAMS 0x0000000086c00000, 0x0000000086c00000| Untracked 
| 109|0x0000000086d00000, 0x0000000086d00000, 0x0000000086e00000|  0%| F|  |TAMS 0x0000000086d00000, 0x0000000086d00000| Untracked 
| 110|0x0000000086e00000, 0x0000000086e00000, 0x0000000086f00000|  0%| F|  |TAMS 0x0000000086e00000, 0x0000000086e00000| Untracked 
| 111|0x0000000086f00000, 0x0000000086f00000, 0x0000000087000000|  0%| F|  |TAMS 0x0000000086f00000, 0x0000000086f00000| Untracked 
| 112|0x0000000087000000, 0x0000000087000000, 0x0000000087100000|  0%| F|  |TAMS 0x0000000087000000, 0x0000000087000000| Untracked 
| 113|0x0000000087100000, 0x0000000087100000, 0x0000000087200000|  0%| F|  |TAMS 0x0000000087100000, 0x0000000087100000| Untracked 
| 114|0x0000000087200000, 0x0000000087200000, 0x0000000087300000|  0%| F|  |TAMS 0x0000000087200000, 0x0000000087200000| Untracked 
| 115|0x0000000087300000, 0x0000000087300000, 0x0000000087400000|  0%| F|  |TAMS 0x0000000087300000, 0x0000000087300000| Untracked 
| 116|0x0000000087400000, 0x000000008747dae8, 0x0000000087500000| 49%| E|  |TAMS 0x0000000087400000, 0x0000000087400000| Complete 
| 117|0x0000000087500000, 0x0000000087600000, 0x0000000087600000|100%| E|CS|TAMS 0x0000000087500000, 0x0000000087500000| Complete 
| 118|0x0000000087600000, 0x0000000087700000, 0x0000000087700000|100%| E|CS|TAMS 0x0000000087600000, 0x0000000087600000| Complete 
| 119|0x0000000087700000, 0x0000000087800000, 0x0000000087800000|100%| E|CS|TAMS 0x0000000087700000, 0x0000000087700000| Complete 
| 120|0x0000000087800000, 0x0000000087900000, 0x0000000087900000|100%| E|CS|TAMS 0x0000000087800000, 0x0000000087800000| Complete 
| 121|0x0000000087900000, 0x0000000087a00000, 0x0000000087a00000|100%| E|CS|TAMS 0x0000000087900000, 0x0000000087900000| Complete 
| 122|0x0000000087a00000, 0x0000000087b00000, 0x0000000087b00000|100%| E|CS|TAMS 0x0000000087a00000, 0x0000000087a00000| Complete 
| 123|0x0000000087b00000, 0x0000000087c00000, 0x0000000087c00000|100%| E|CS|TAMS 0x0000000087b00000, 0x0000000087b00000| Complete 

Card table byte_map: [0x00000265bfdb0000,0x00000265c01b0000] _byte_map_base: 0x00000265bf9b0000

Marking Bits (Prev, Next): (CMBitMap*) 0x00000265aac5fff0, (CMBitMap*) 0x00000265aac5ffb8
 Prev Bits: [0x00000265c25b0000, 0x00000265c45b0000)
 Next Bits: [0x00000265c05b0000, 0x00000265c25b0000)

Polling page: 0x00000265aad00000

Metaspace:

Usage:
  Non-class:     18.85 MB capacity,    18.53 MB ( 98%) used,   286.24 KB (  1%) free+waste,    37.13 KB ( <1%) overhead. 
      Class:      2.83 MB capacity,     2.65 MB ( 94%) used,   167.35 KB (  6%) free+waste,    18.44 KB ( <1%) overhead. 
       Both:     21.68 MB capacity,    21.19 MB ( 98%) used,   453.59 KB (  2%) free+waste,    55.56 KB ( <1%) overhead. 

Virtual space:
  Non-class space:       20.00 MB reserved,      19.00 MB ( 95%) committed 
      Class space:        1.00 GB reserved,       2.88 MB ( <1%) committed 
             Both:        1.02 GB reserved,      21.88 MB (  2%) committed 

Chunk freelists:
   Non-Class:  26.00 KB
       Class:  11.00 KB
        Both:  37.00 KB

MaxMetaspaceSize: 17179869184.00 GB
CompressedClassSpaceSize: 1.00 GB
Initial GC threshold: 20.80 MB
Current GC threshold: 35.00 MB
CDS: off

CodeHeap 'non-profiled nmethods': size=120000Kb used=864Kb max_used=864Kb free=119135Kb
 bounds [0x00000265b7a20000, 0x00000265b7c90000, 0x00000265bef50000]
CodeHeap 'profiled nmethods': size=120000Kb used=4052Kb max_used=4052Kb free=115947Kb
 bounds [0x00000265b04f0000, 0x00000265b08f0000, 0x00000265b7a20000]
CodeHeap 'non-nmethods': size=5760Kb used=1224Kb max_used=1239Kb free=4535Kb
 bounds [0x00000265aff50000, 0x00000265b01c0000, 0x00000265b04f0000]
 total_blobs=2421 nmethods=1941 adapters=392
 compilation: enabled
              stopped_count=0, restarted_count=0
 full_count=0

Compilation events (20 events):
Event: 3.059 Thread 0x00000265c709b800 nmethod 1912 0x00000265b08ce310 code [0x00000265b08ce540, 0x00000265b08cec48]
Event: 3.060 Thread 0x00000265c709a800 1913   !   4       java.lang.ClassLoader::loadClass (122 bytes)
Event: 3.065 Thread 0x00000265c709b800 1915       3       sun.nio.cs.UTF_8$Decoder::decodeLoop (28 bytes)
Event: 3.065 Thread 0x00000265c709b800 nmethod 1915 0x00000265b08cef10 code [0x00000265b08cf100, 0x00000265b08cf4d8]
Event: 3.066 Thread 0x00000265c709b800 1916       3       java.util.ArrayList::toArray (57 bytes)
Event: 3.066 Thread 0x00000265c709b800 nmethod 1916 0x00000265b08cf610 code [0x00000265b08cf800, 0x00000265b08cfd18]
Event: 3.115 Thread 0x00000265c709b800 1917       3       java.lang.invoke.InnerClassLambdaMetafactory::getLoadOpcode (25 bytes)
Event: 3.116 Thread 0x00000265c709b800 nmethod 1917 0x00000265b08cfe90 code [0x00000265b08d0060, 0x00000265b08d0278]
Event: 3.116 Thread 0x00000265c709b800 1918       3       java.lang.invoke.InnerClassLambdaMetafactory::getParameterSize (27 bytes)
Event: 3.116 Thread 0x00000265c709b800 nmethod 1918 0x00000265b08d0390 code [0x00000265b08d0540, 0x00000265b08d0718]
Event: 3.150 Thread 0x00000265c709b800 1920       3       java.lang.invoke.LambdaFormEditor$Transform::<init> (17 bytes)
Event: 3.150 Thread 0x00000265c709b800 nmethod 1920 0x00000265b08d0790 code [0x00000265b08d0960, 0x00000265b08d0d38]
Event: 3.150 Thread 0x00000265c709b800 1921       3       java.lang.String::substring (68 bytes)
Event: 3.151 Thread 0x00000265c709b800 nmethod 1921 0x00000265b08d0e90 code [0x00000265b08d10e0, 0x00000265b08d1818]
Event: 3.151 Thread 0x00000265c709b800 1922       3       java.lang.Thread::interrupted (8 bytes)
Event: 3.151 Thread 0x00000265c709b800 nmethod 1922 0x00000265b08d1a90 code [0x00000265b08d1c40, 0x00000265b08d1d68]
Event: 3.153 Thread 0x00000265c709b800 1924       3       java.lang.invoke.MethodHandles$Lookup::checkSecurityManager (104 bytes)
Event: 3.154 Thread 0x00000265c709b800 nmethod 1924 0x00000265b08d1e10 code [0x00000265b08d2100, 0x00000265b08d2fc8]
Event: 3.166 Thread 0x00000265c709b800 1925       1       java.util.concurrent.atomic.AtomicInteger::get (5 bytes)
Event: 3.166 Thread 0x00000265c709b800 nmethod 1925 0x00000265b7af6c90 code [0x00000265b7af6e40, 0x00000265b7af6ef8]

GC Heap History (6 events):
Event: 1.151 GC heap before
{Heap before GC invocations=0 (full 0):
 garbage-first heap   total 126976K, used 30720K [0x0000000080000000, 0x0000000100000000)
  region size 1024K, 24 young (24576K), 0 survivors (0K)
 Metaspace       used 10218K, capacity 10493K, committed 10624K, reserved 1058816K
  class space    used 1072K, capacity 1139K, committed 1152K, reserved 1048576K
}
Event: 1.158 GC heap after
{Heap after GC invocations=1 (full 0):
 garbage-first heap   total 126976K, used 9211K [0x0000000080000000, 0x0000000100000000)
  region size 1024K, 3 young (3072K), 3 survivors (3072K)
 Metaspace       used 10218K, capacity 10493K, committed 10624K, reserved 1058816K
  class space    used 1072K, capacity 1139K, committed 1152K, reserved 1048576K
}
Event: 2.696 GC heap before
{Heap before GC invocations=1 (full 0):
 garbage-first heap   total 126976K, used 81915K [0x0000000080000000, 0x0000000100000000)
  region size 1024K, 74 young (75776K), 3 survivors (3072K)
 Metaspace       used 17520K, capacity 17945K, committed 18176K, reserved 1064960K
  class space    used 2065K, capacity 2179K, committed 2304K, reserved 1048576K
}
Event: 2.705 GC heap after
{Heap after GC invocations=2 (full 0):
 garbage-first heap   total 126976K, used 16086K [0x0000000080000000, 0x0000000100000000)
  region size 1024K, 10 young (10240K), 10 survivors (10240K)
 Metaspace       used 17520K, capacity 17945K, committed 18176K, reserved 1064960K
  class space    used 2065K, capacity 2179K, committed 2304K, reserved 1048576K
}
Event: 3.067 GC heap before
{Heap before GC invocations=2 (full 0):
 garbage-first heap   total 126976K, used 44758K [0x0000000080000000, 0x0000000100000000)
  region size 1024K, 40 young (40960K), 10 survivors (10240K)
 Metaspace       used 20680K, capacity 21141K, committed 21248K, reserved 1067008K
  class space    used 2545K, capacity 2712K, committed 2816K, reserved 1048576K
}
Event: 3.078 GC heap after
{Heap after GC invocations=3 (full 0):
 garbage-first heap   total 126976K, used 17342K [0x0000000080000000, 0x0000000100000000)
  region size 1024K, 2 young (2048K), 2 survivors (2048K)
 Metaspace       used 20680K, capacity 21141K, committed 21248K, reserved 1067008K
  class space    used 2545K, capacity 2712K, committed 2816K, reserved 1048576K
}

Deoptimization events (20 events):
Event: 3.053 Thread 0x00000265c93b9800 Uncommon trap: trap_request=0xffffff4d fr.pc=0x00000265b7a3ce20 relative=0x0000000000000a20
Event: 3.053 Thread 0x00000265c93b9800 Uncommon trap: reason=unstable_if action=reinterpret pc=0x00000265b7a3ce20 method=java.io.WinNTFileSystem.resolve(Ljava/lang/String;Ljava/lang/String;)Ljava/lang/String; @ 19 c2
Event: 3.053 Thread 0x00000265c93b9800 DEOPT PACKING pc=0x00000265b7a3ce20 sp=0x000000fcd1cfb420
Event: 3.053 Thread 0x00000265c93b9800 DEOPT UNPACKING pc=0x00000265aff585af sp=0x000000fcd1cfb3c8 mode 2
Event: 3.054 Thread 0x00000265c93b9800 Uncommon trap: trap_request=0xffffffc6 fr.pc=0x00000265b7a90aa4 relative=0x0000000000000084
Event: 3.054 Thread 0x00000265c93b9800 Uncommon trap: reason=bimorphic_or_optimized_type_check action=maybe_recompile pc=0x00000265b7a90aa4 method=java.util.AbstractList$Itr.hasNext()Z @ 8 c2
Event: 3.054 Thread 0x00000265c93b9800 DEOPT PACKING pc=0x00000265b7a90aa4 sp=0x000000fcd1cfaa00
Event: 3.054 Thread 0x00000265c93b9800 DEOPT UNPACKING pc=0x00000265aff585af sp=0x000000fcd1cfa998 mode 2
Event: 3.054 Thread 0x00000265c93b9800 Uncommon trap: trap_request=0xffffffc6 fr.pc=0x00000265b7a90e74 relative=0x0000000000000134
Event: 3.054 Thread 0x00000265c93b9800 Uncommon trap: reason=bimorphic_or_optimized_type_check action=maybe_recompile pc=0x00000265b7a90e74 method=java.util.AbstractList$Itr.next()Ljava/lang/Object; @ 14 c2
Event: 3.054 Thread 0x00000265c93b9800 DEOPT PACKING pc=0x00000265b7a90e74 sp=0x000000fcd1cfa9f0
Event: 3.054 Thread 0x00000265c93b9800 DEOPT UNPACKING pc=0x00000265aff585af sp=0x000000fcd1cfa988 mode 2
Event: 3.054 Thread 0x00000265c93b9800 Uncommon trap: trap_request=0xffffff4d fr.pc=0x00000265b7a8e478 relative=0x00000000000005b8
Event: 3.054 Thread 0x00000265c93b9800 Uncommon trap: reason=unstable_if action=reinterpret pc=0x00000265b7a8e478 method=java.io.File.getName()Ljava/lang/String; @ 16 c2
Event: 3.054 Thread 0x00000265c93b9800 DEOPT PACKING pc=0x00000265b7a8e478 sp=0x000000fcd1cfb3c0
Event: 3.054 Thread 0x00000265c93b9800 DEOPT UNPACKING pc=0x00000265aff585af sp=0x000000fcd1cfb390 mode 2
Event: 3.054 Thread 0x00000265c93b9800 Uncommon trap: trap_request=0xffffff4d fr.pc=0x00000265b7a8ce90 relative=0x0000000000000450
Event: 3.054 Thread 0x00000265c93b9800 Uncommon trap: reason=unstable_if action=reinterpret pc=0x00000265b7a8ce90 method=java.lang.String.substring(I)Ljava/lang/String; @ 34 c2
Event: 3.054 Thread 0x00000265c93b9800 DEOPT PACKING pc=0x00000265b7a8ce90 sp=0x000000fcd1cfb340
Event: 3.054 Thread 0x00000265c93b9800 DEOPT UNPACKING pc=0x00000265aff585af sp=0x000000fcd1cfb318 mode 2

Classes redefined (0 events):
No events

Internal exceptions (20 events):
Event: 0.482 Thread 0x00000265aac1d800 Exception <a 'java/lang/NoSuchMethodError'{0x0000000087826ce8}: 'int java.lang.invoke.DirectMethodHandle$Holder.invokeSpecialIFC(java.lang.Object, java.lang.Object, int)'> (0x0000000087826ce8) thrown at [./src/hotspot/share/interpreter/linkResolver.cpp, line 773]
Event: 0.841 Thread 0x00000265aac1d800 Exception <a 'java/lang/NoClassDefFoundError'{0x0000000086da5620}: org/slf4j/impl/StaticMarkerBinder> (0x0000000086da5620) thrown at [./src/hotspot/share/classfile/systemDictionary.cpp, line 220]
Event: 0.959 Thread 0x00000265aac1d800 Exception <a 'java/lang/NoSuchMethodError'{0x0000000086abce50}: 'java.lang.Object java.lang.invoke.DirectMethodHandle$Holder.invokeVirtual(java.lang.Object, java.lang.Object, java.lang.Object, java.lang.Object, java.lang.Object, java.lang.Object, java.lang.Object)'> (0x0000000086abce50) thrown at [./src/hotspot/share/interpreter/linkResolver.cpp, line 773]
Event: 0.962 Thread 0x00000265aac1d800 Exception <a 'java/lang/NoSuchMethodError'{0x0000000086ad12b0}: 'java.lang.Object java.lang.invoke.Invokers$Holder.invoker(java.lang.Object, java.lang.Object, java.lang.Object)'> (0x0000000086ad12b0) thrown at [./src/hotspot/share/interpreter/linkResolver.cpp, line 773]
Event: 0.966 Thread 0x00000265aac1d800 Exception <a 'java/lang/NoSuchMethodError'{0x0000000086ae2328}: 'void java.lang.invoke.DelegatingMethodHandle$Holder.delegate(java.lang.Object, java.lang.Object, int, java.lang.Object)'> (0x0000000086ae2328) thrown at [./src/hotspot/share/interpreter/linkResolver.cpp, line 773]
Event: 1.572 Thread 0x00000265aac1d800 Exception <a 'java/security/PrivilegedActionException'{0x00000000856f1f58}> (0x00000000856f1f58) thrown at [./src/hotspot/share/prims/jvm.cpp, line 1306]
Event: 1.572 Thread 0x00000265aac1d800 Exception <a 'java/security/PrivilegedActionException'{0x00000000856f24d0}> (0x00000000856f24d0) thrown at [./src/hotspot/share/prims/jvm.cpp, line 1306]
Event: 1.829 Thread 0x00000265aac1d800 Exception <a 'java/lang/NoSuchMethodError'{0x0000000084409160}: 'java.lang.Object java.lang.invoke.DirectMethodHandle$Holder.invokeStaticInit(java.lang.Object, java.lang.Object, java.lang.Object)'> (0x0000000084409160) thrown at [./src/hotspot/share/interpreter/linkResolver.cpp, line 773]
Event: 1.984 Thread 0x00000265aac1d800 Exception <a 'java/lang/NoSuchMethodError'{0x0000000083e71058}: 'java.lang.Object java.lang.invoke.DirectMethodHandle$Holder.invokeStaticInit(java.lang.Object, int, int, int, int)'> (0x0000000083e71058) thrown at [./src/hotspot/share/interpreter/linkResolver.cpp, line 773]
Event: 2.166 Thread 0x00000265aac1d800 Exception <a 'java/lang/NoSuchMethodError'{0x0000000083ecc240}: 'java.lang.Object java.lang.invoke.DirectMethodHandle$Holder.invokeStaticInit(java.lang.Object, java.lang.Object, int, int, int, int)'> (0x0000000083ecc240) thrown at [./src/hotspot/share/interpreter/linkResolver.cpp, line 773]
Event: 2.488 Thread 0x00000265aac1d800 Exception <a 'java/io/IOException'{0x0000000083b2af58}> (0x0000000083b2af58) thrown at [./src/hotspot/share/prims/jni.cpp, line 615]
Event: 2.646 Thread 0x00000265c93b9800 Exception <a 'java/lang/NoSuchMethodError'{0x00000000835ea978}: 'long java.lang.invoke.DirectMethodHandle$Holder.invokeInterface(java.lang.Object, java.lang.Object)'> (0x00000000835ea978) thrown at [./src/hotspot/share/interpreter/linkResolver.cpp, line 773]
Event: 2.647 Thread 0x00000265c93b9800 Exception <a 'java/lang/NoSuchMethodError'{0x00000000835f7a18}: 'void java.lang.invoke.DelegatingMethodHandle$Holder.reinvoke_L(java.lang.Object, java.lang.Object, java.lang.Object, java.lang.Object, java.lang.Object, java.lang.Object, java.lang.Object)'> (0x00000000835f7a18) thrown at [./src/hotspot/share/interpreter/linkResolver.cpp, line 773]
Event: 2.950 Thread 0x00000265c93b9800 Exception <a 'java/lang/NoSuchMethodError'{0x00000000863c7a90}: 'void java.lang.invoke.DirectMethodHandle$Holder.invokeStaticInit(java.lang.Object)'> (0x00000000863c7a90) thrown at [./src/hotspot/share/interpreter/linkResolver.cpp, line 773]
Event: 2.962 Thread 0x00000265c93b9800 Exception <a 'java/lang/NoSuchMethodError'{0x0000000086274da8}: 'java.lang.Object java.lang.invoke.DirectMethodHandle$Holder.invokeStatic(java.lang.Object, java.lang.Object, java.lang.Object, int)'> (0x0000000086274da8) thrown at [./src/hotspot/share/interpreter/linkResolver.cpp, line 773]
Event: 2.962 Thread 0x00000265c93b9800 Exception <a 'java/lang/NoSuchMethodError'{0x00000000862794c0}: 'java.lang.Object java.lang.invoke.DirectMethodHandle$Holder.invokeSpecial(java.lang.Object, java.lang.Object, java.lang.Object, java.lang.Object, int)'> (0x00000000862794c0) thrown at [./src/hotspot/share/interpreter/linkResolver.cpp, line 773]
Event: 2.962 Thread 0x00000265c93b9800 Exception <a 'java/lang/NoSuchMethodError'{0x000000008627d3f8}: 'java.lang.Object java.lang.invoke.Invokers$Holder.linkToTargetMethod(java.lang.Object, java.lang.Object, int, java.lang.Object)'> (0x000000008627d3f8) thrown at [./src/hotspot/share/interpreter/linkResolver.cpp, line 773]
Event: 3.148 Thread 0x00000265c93b9800 Exception <a 'java/lang/NoSuchMethodError'{0x0000000087948000}: 'int java.lang.invoke.DirectMethodHandle$Holder.invokeSpecialIFC(java.lang.Object, java.lang.Object, java.lang.Object, java.lang.Object)'> (0x0000000087948000) thrown at [./src/hotspot/share/interpreter/linkResolver.cpp, line 773]
Event: 3.151 Thread 0x00000265c93b9800 Exception <a 'java/lang/NoSuchMethodError'{0x0000000087955fb8}: 'java.lang.Object java.lang.invoke.DirectMethodHandle$Holder.invokeInterface(java.lang.Object, java.lang.Object, java.lang.Object)'> (0x0000000087955fb8) thrown at [./src/hotspot/share/interpreter/linkResolver.cpp, line 773]
Event: 3.151 Thread 0x00000265c93b9800 Exception <a 'java/lang/IncompatibleClassChangeError'{0x0000000087959490}: Found class java.lang.Object, but interface was expected> (0x0000000087959490) thrown at [./src/hotspot/share/interpreter/linkResolver.cpp, line 839]

Events (20 events):
Event: 3.168 loading class org/gradle/tooling/internal/provider/serialization/WellKnownClassLoaderRegistry
Event: 3.168 loading class org/gradle/tooling/internal/provider/serialization/WellKnownClassLoaderRegistry done
Event: 3.168 loading class org/gradle/tooling/internal/provider/serialization/WellKnownClassLoaderRegistry$KnownClassLoaderSpec
Event: 3.168 loading class org/gradle/tooling/internal/provider/serialization/WellKnownClassLoaderRegistry$KnownClassLoaderSpec done
Event: 3.169 loading class org/gradle/tooling/internal/provider/serialization/DeserializeMap
Event: 3.169 loading class org/gradle/tooling/internal/provider/serialization/DeserializeMap done
Event: 3.169 loading class org/gradle/tooling/internal/provider/serialization/SerializeMap
Event: 3.169 loading class org/gradle/tooling/internal/provider/serialization/SerializeMap done
Event: 3.169 loading class org/gradle/tooling/internal/provider/serialization/ClassLoaderDetails
Event: 3.169 loading class org/gradle/tooling/internal/provider/serialization/ClassLoaderDetails done
Event: 3.170 loading class org/gradle/tooling/internal/provider/serialization/DefaultPayloadClassLoaderRegistry
Event: 3.170 loading class org/gradle/tooling/internal/provider/serialization/DefaultPayloadClassLoaderRegistry done
Event: 3.170 loading class org/gradle/tooling/internal/provider/serialization/DefaultPayloadClassLoaderRegistry$ClassLoaderToDetailsTransformer
Event: 3.170 loading class org/gradle/tooling/internal/provider/serialization/DefaultPayloadClassLoaderRegistry$ClassLoaderToDetailsTransformer done
Event: 3.171 loading class org/gradle/tooling/internal/provider/serialization/DefaultPayloadClassLoaderRegistry$DetailsToClassLoaderTransformer
Event: 3.171 loading class org/gradle/tooling/internal/provider/serialization/DefaultPayloadClassLoaderRegistry$DetailsToClassLoaderTransformer done
Event: 3.171 loading class org/gradle/composite/internal/DefaultBuildableCompositeBuildContext
Event: 3.171 loading class org/gradle/composite/internal/DefaultBuildableCompositeBuildContext done
Event: 3.172 loading class org/gradle/api/internal/artifacts/DefaultImmutableModuleIdentifierFactory
Event: 3.172 loading class org/gradle/api/internal/artifacts/DefaultImmutableModuleIdentifierFactory done


Dynamic libraries:
0x00007ff60c220000 - 0x00007ff60c22a000 	C:\Program Files\Android\Android Studio\jre\bin\java.exe
0x00007ff96b860000 - 0x00007ff96ba69000 	C:\Windows\SYSTEM32\ntdll.dll
0x00007ff9696c0000 - 0x00007ff96977d000 	C:\Windows\System32\KERNEL32.DLL
0x00007ff9692d0000 - 0x00007ff969649000 	C:\Windows\System32\KERNELBASE.dll
0x00007ff968e60000 - 0x00007ff968f71000 	C:\Windows\System32\ucrtbase.dll
0x00007ff963bf0000 - 0x00007ff963c09000 	C:\Program Files\Android\Android Studio\jre\bin\jli.dll
0x00007ff96b430000 - 0x00007ff96b5dc000 	C:\Windows\System32\USER32.dll
0x00007ff968d10000 - 0x00007ff968d36000 	C:\Windows\System32\win32u.dll
0x00007ff94ef50000 - 0x00007ff94ef67000 	C:\Program Files\Android\Android Studio\jre\bin\VCRUNTIME140.dll
0x00007ff969e80000 - 0x00007ff969ea9000 	C:\Windows\System32\GDI32.dll
0x00007ff968d40000 - 0x00007ff968e52000 	C:\Windows\System32\gdi32full.dll
0x00007ff969170000 - 0x00007ff96920d000 	C:\Windows\System32\msvcp_win.dll
0x00007ff955b40000 - 0x00007ff955de5000 	C:\Windows\WinSxS\amd64_microsoft.windows.common-controls_6595b64144ccf1df_6.0.22000.120_none_9d947278b86cc467\COMCTL32.dll
0x00007ff96b060000 - 0x00007ff96b103000 	C:\Windows\System32\msvcrt.dll
0x00007ff96b5e0000 - 0x00007ff96b611000 	C:\Windows\System32\IMM32.DLL
0x00007ff935250000 - 0x00007ff9352ed000 	C:\Program Files\Android\Android Studio\jre\bin\msvcp140.dll
0x00007ff8ec130000 - 0x00007ff8ecc15000 	C:\Program Files\Android\Android Studio\jre\bin\server\jvm.dll
0x00007ff96b620000 - 0x00007ff96b6ce000 	C:\Windows\System32\ADVAPI32.dll
0x00007ff96aea0000 - 0x00007ff96af3e000 	C:\Windows\System32\sechost.dll
0x00007ff96b6d0000 - 0x00007ff96b7f0000 	C:\Windows\System32\RPCRT4.dll
0x00007ff96b410000 - 0x00007ff96b418000 	C:\Windows\System32\PSAPI.DLL
0x00007ff961160000 - 0x00007ff96116a000 	C:\Windows\SYSTEM32\VERSION.dll
0x00007ff9629e0000 - 0x00007ff962a13000 	C:\Windows\SYSTEM32\WINMM.dll
0x00007ff965b80000 - 0x00007ff965b89000 	C:\Windows\SYSTEM32\WSOCK32.dll
0x00007ff96b200000 - 0x00007ff96b26f000 	C:\Windows\System32\ws2_32.DLL
0x00007ff967e10000 - 0x00007ff967e28000 	C:\Windows\SYSTEM32\kernel.appcore.dll
0x00007ff964eb0000 - 0x00007ff964ec1000 	C:\Program Files\Android\Android Studio\jre\bin\verify.dll
0x00007ff966940000 - 0x00007ff966b61000 	C:\Windows\SYSTEM32\DBGHELP.DLL
0x00007ff956010000 - 0x00007ff956041000 	C:\Windows\SYSTEM32\dbgcore.DLL
0x00007ff9690f0000 - 0x00007ff96916f000 	C:\Windows\System32\bcryptPrimitives.dll
0x00007ff9514e0000 - 0x00007ff951509000 	C:\Program Files\Android\Android Studio\jre\bin\java.dll
0x00007ff964fb0000 - 0x00007ff964fbb000 	C:\Program Files\Android\Android Studio\jre\bin\jimage.dll
0x00007ff959020000 - 0x00007ff959038000 	C:\Program Files\Android\Android Studio\jre\bin\zip.dll
0x00007ff96a1e0000 - 0x00007ff96a998000 	C:\Windows\System32\SHELL32.dll
0x00007ff966e80000 - 0x00007ff9676e8000 	C:\Windows\SYSTEM32\windows.storage.dll
0x00007ff9698d0000 - 0x00007ff969c49000 	C:\Windows\System32\combase.dll
0x00007ff966d10000 - 0x00007ff966e76000 	C:\Windows\SYSTEM32\wintypes.dll
0x00007ff96b110000 - 0x00007ff96b1fa000 	C:\Windows\System32\SHCORE.dll
0x00007ff9697a0000 - 0x00007ff9697fd000 	C:\Windows\System32\shlwapi.dll
0x00007ff968c40000 - 0x00007ff968c61000 	C:\Windows\SYSTEM32\profapi.dll
0x00007ff957c30000 - 0x00007ff957c4a000 	C:\Program Files\Android\Android Studio\jre\bin\net.dll
0x00007ff9621b0000 - 0x00007ff9622bc000 	C:\Windows\SYSTEM32\WINHTTP.dll
0x00007ff968240000 - 0x00007ff9682a7000 	C:\Windows\system32\mswsock.dll
0x00007ff957940000 - 0x00007ff957954000 	C:\Program Files\Android\Android Studio\jre\bin\nio.dll
0x00007ff9316d0000 - 0x00007ff9316f7000 	C:\Users\79083\.gradle\native\e1d6ef7f7dcc3fd88c89a11ec53ec762bb8ba0a96d01ffa2cd45eb1d1d8dd5c5\windows-amd64\native-platform.dll
0x00007ff937810000 - 0x00007ff937954000 	C:\Users\79083\.gradle\native\5664cfc778a61ccfe75a443a1ab52a65af34e5dc3c78e0209fed803814484fcb\windows-amd64\native-platform-file-events.dll
0x00007ff964f90000 - 0x00007ff964f9a000 	C:\Program Files\Android\Android Studio\jre\bin\management.dll
0x00007ff964580000 - 0x00007ff96458d000 	C:\Program Files\Android\Android Studio\jre\bin\management_ext.dll
0x00007ff968490000 - 0x00007ff9684a8000 	C:\Windows\SYSTEM32\CRYPTSP.dll
0x00007ff967d70000 - 0x00007ff967da5000 	C:\Windows\system32\rsaenh.dll
0x00007ff968330000 - 0x00007ff968359000 	C:\Windows\SYSTEM32\USERENV.dll
0x00007ff968670000 - 0x00007ff968697000 	C:\Windows\SYSTEM32\bcrypt.dll
0x00007ff968480000 - 0x00007ff96848c000 	C:\Windows\SYSTEM32\CRYPTBASE.dll
0x00007ff967940000 - 0x00007ff96796d000 	C:\Windows\SYSTEM32\IPHLPAPI.DLL
0x00007ff96a150000 - 0x00007ff96a159000 	C:\Windows\System32\NSI.dll
0x00007ff9624e0000 - 0x00007ff9624f9000 	C:\Windows\SYSTEM32\dhcpcsvc6.DLL
0x00007ff962720000 - 0x00007ff96273e000 	C:\Windows\SYSTEM32\dhcpcsvc.DLL
0x00007ff9679b0000 - 0x00007ff967a98000 	C:\Windows\SYSTEM32\DNSAPI.dll

dbghelp: loaded successfully - version: 4.0.5 - missing functions: none
symbol engine: initialized successfully - sym options: 0x614 - pdb path: .;C:\Program Files\Android\Android Studio\jre\bin;C:\Windows\SYSTEM32;C:\Windows\WinSxS\amd64_microsoft.windows.common-controls_6595b64144ccf1df_6.0.22000.120_none_9d947278b86cc467;C:\Program Files\Android\Android Studio\jre\bin\server;C:\Users\79083\.gradle\native\e1d6ef7f7dcc3fd88c89a11ec53ec762bb8ba0a96d01ffa2cd45eb1d1d8dd5c5\windows-amd64;C:\Users\79083\.gradle\native\5664cfc778a61ccfe75a443a1ab52a65af34e5dc3c78e0209fed803814484fcb\windows-amd64

VM Arguments:
jvm_args: --add-opens=java.base/java.util=ALL-UNNAMED --add-opens=java.base/java.lang=ALL-UNNAMED --add-opens=java.base/java.lang.invoke=ALL-UNNAMED --add-opens=java.base/java.util=ALL-UNNAMED --add-opens=java.prefs/java.util.prefs=ALL-UNNAMED --add-opens=java.prefs/java.util.prefs=ALL-UNNAMED --add-opens=java.base/java.nio.charset=ALL-UNNAMED --add-opens=java.base/java.net=ALL-UNNAMED --add-opens=java.base/java.util.concurrent.atomic=ALL-UNNAMED -Xmx2048m -Dfile.encoding=UTF-8 -Duser.country=RU -Duser.language=ru -Duser.variant 
java_command: org.gradle.launcher.daemon.bootstrap.GradleDaemon 7.3.3
java_class_path (initial): C:\Users\79083\.gradle\wrapper\dists\gradle-7.3.3-bin\6a41zxkdtcxs8rphpq6y0069z\gradle-7.3.3\lib\gradle-launcher-7.3.3.jar
Launcher Type: SUN_STANDARD

[Global flags]
     intx CICompilerCount                          = 4                                         {product} {ergonomic}
     uint ConcGCThreads                            = 2                                         {product} {ergonomic}
     uint G1ConcRefinementThreads                  = 8                                         {product} {ergonomic}
   size_t G1HeapRegionSize                         = 1048576                                   {product} {ergonomic}
    uintx GCDrainStackTargetSize                   = 64                                        {product} {ergonomic}
   size_t InitialHeapSize                          = 130023424                                 {product} {ergonomic}
   size_t MarkStackSize                            = 4194304                                   {product} {ergonomic}
   size_t MaxHeapSize                              = 2147483648                                {product} {command line}
   size_t MaxNewSize                               = 1287651328                                {product} {ergonomic}
   size_t MinHeapDeltaBytes                        = 1048576                                   {product} {ergonomic}
    uintx NonNMethodCodeHeapSize                   = 5836300                                {pd product} {ergonomic}
    uintx NonProfiledCodeHeapSize                  = 122910970                              {pd product} {ergonomic}
    uintx ProfiledCodeHeapSize                     = 122910970                              {pd product} {ergonomic}
    uintx ReservedCodeCacheSize                    = 251658240                              {pd product} {ergonomic}
     bool SegmentedCodeCache                       = true                                      {product} {ergonomic}
     bool UseCompressedClassPointers               = true                                 {lp64_product} {ergonomic}
     bool UseCompressedOops                        = true                                 {lp64_product} {ergonomic}
     bool UseG1GC                                  = true                                      {product} {ergonomic}
     bool UseLargePagesIndividualAllocation        = false                                  {pd product} {ergonomic}

Logging:
Log output configuration:
 #0: stdout all=warning uptime,level,tags
 #1: stderr all=off uptime,level,tags

Environment Variables:
PATH=C:\Windows\system32;C:\Windows;C:\Windows\System32\Wbem;C:\Windows\System32\WindowsPowerShell\v1.0\;C:\Windows\System32\OpenSSH\;C:\Program Files\Git\cmd;C:\Users\79083\AppData\Local\Microsoft\WindowsApps;C:\ProgramData\79083\gitkraken\bin;C:\Users\79083\AppData\Local\gitkraken\bin
USERNAME=79083
OS=Windows_NT
PROCESSOR_IDENTIFIER=Intel64 Family 6 Model 126 Stepping 5, GenuineIntel



---------------  S Y S T E M  ---------------

OS: Windows 10 , 64 bit Build 22000 (10.0.22000.708)
OS uptime: 2 days 4:55 hours

CPU:total 8 (initial active 8) (4 cores per cpu, 2 threads per core) family 6 model 126 stepping 5 microcode 0xa6, cmov, cx8, fxsr, mmx, sse, sse2, sse3, ssse3, sse4.1, sse4.2, popcnt, avx, avx2, aes, clmul, erms, 3dnowpref, lzcnt, ht, tsc, tscinvbit, bmi1, bmi2, adx, evex, sha, fma

Memory: 4k page, system-wide physical 7930M (37M free)
TotalPageFile size 32506M (AvailPageFile size 3M)
current process WorkingSet (physical memory assigned to process): 178M, peak: 178M
current process commit charge ("private bytes"): 255M, peak: 255M

vm_info: OpenJDK 64-Bit Server VM (11.0.12+7-b1504.28-7817840) for windows-amd64 JRE (11.0.12+7-b1504.28-7817840), built on Oct 13 2021 22:12:33 by "builder" with MS VC++ 14.0 (VS2015)

END.
